<?xml version="1.0" encoding="utf-8"?>
<coverage line-rate="1" branch-rate="1" lines-covered="2" lines-valid="2"
          branches-covered="0" branches-valid="0"
          timestamp="1717733000" version="6.0.2" complexity="2">
  <sources>
    <source>/abs/path/to/workspace</source>
  </sources>
  <packages>
    <package name="MathLib" line-rate="1" branch-rate="1" complexity="2">
      <classes>
        <class name="MathLib.MathOps" filename="MathLib/MathOps.cs"
               line-rate="1" branch-rate="1" complexity="2">
          <methods>
            <method name="Add" signature="(System.Int32,System.Int32)"
                    line-rate="1" branch-rate="1">
              <lines>
                <line number="14" hits="1" branch="false"/>
              </lines>
            </method>
            <method name="Subtract" signature="(System.Int32,System.Int32)"
                    line-rate="1" branch-rate="1">
              <lines>
                <line number="15" hits="1" branch="false"/>
              </lines>
            </method>
          </methods>
          <lines>
            <line number="14" hits="1" branch="false"/>
            <line number="15" hits="1" branch="false"/>
          </lines>
        </class>
      </classes>
    </package>
  </packages>
</coverage>
